<?xml version="1.0" encoding="utf-8"?><testsuites name="pytest tests"><testsuite name="pytest" errors="0" failures="0" skipped="1" tests="17" time="8.180" timestamp="2026-02-02T16:09:17.903286+00:00" hostname="agent-env-0bfa6904-5435-4811-af3b-58fec285e909"><testcase classname="backend.tests.test_admin_control.TestAdminControlAccess" name="test_admin_login_success" time="0.397" /><testcase classname="backend.tests.test_admin_control.TestAdminControlAccess" name="test_admin_control_verify_access_granted" time="0.447" /><testcase classname="backend.tests.test_admin_control.TestAdminControlAccess" name="test_admin_control_verify_access_denied_no_auth" time="0.041" /><testcase classname="backend.tests.test_admin_control.TestFileBrowser" name="test_list_files_default_path" time="0.426" /><testcase classname="backend.tests.test_admin_control.TestFileBrowser" name="test_list_files_pages_directory" time="0.074" /><testcase classname="backend.tests.test_admin_control.TestFileBrowser" name="test_list_files_disallowed_path" time="0.111" /><testcase classname="backend.tests.test_admin_control.TestFileReadWrite" name="test_read_file_success" time="0.434" /><testcase classname="backend.tests.test_admin_control.TestFileReadWrite" name="test_read_file_not_found" time="0.072" /><testcase classname="backend.tests.test_admin_control.TestFileReadWrite" name="test_read_file_disallowed_path" time="0.067" /><testcase classname="backend.tests.test_admin_control.TestRollbackHistory" name="test_get_rollback_history" time="0.465" /><testcase classname="backend.tests.test_admin_control.TestAIChat" name="test_chat_simple_message" time="4.234" /><testcase classname="backend.tests.test_admin_control.TestAIChat" name="test_chat_without_auth" time="0.073" /><testcase classname="backend.tests.test_admin_control.TestIntegrations" name="test_list_integrations" time="0.502" /><testcase classname="backend.tests.test_admin_control.TestIntegrations" name="test_create_integration" time="0.261" /><testcase classname="backend.tests.test_admin_control.TestIntegrations" name="test_create_duplicate_integration" time="0.334" /><testcase classname="backend.tests.test_admin_control.TestIntegrations" name="test_delete_nonexistent_integration" time="0.103" /><testcase classname="backend.tests.test_admin_control.TestAccessDeniedForNonAdmin" name="test_non_admin_access_denied" time="0.068"><skipped type="pytest.skip" message="Non-admin test user not available">/app/backend/tests/test_admin_control.py:387: Non-admin test user not available</skipped></testcase></testsuite></testsuites>