<?xml version="1.0" encoding="utf-8"?><testsuites name="pytest tests"><testsuite name="pytest" errors="0" failures="0" skipped="0" tests="15" time="48.046" timestamp="2026-02-02T18:08:24.244786+00:00" hostname="agent-env-02c42070-c467-4f94-bbbe-35c012b213fa"><testcase classname="backend.tests.test_admin_chat_persistence.TestAdminChatMessagePersistence" name="test_get_messages_requires_auth" time="0.481" /><testcase classname="backend.tests.test_admin_chat_persistence.TestAdminChatMessagePersistence" name="test_save_message_requires_auth" time="0.044" /><testcase classname="backend.tests.test_admin_chat_persistence.TestAdminChatMessagePersistence" name="test_delete_messages_requires_auth" time="0.042" /><testcase classname="backend.tests.test_admin_chat_persistence.TestAdminChatMessagePersistence" name="test_get_messages_empty_initially" time="0.200" /><testcase classname="backend.tests.test_admin_chat_persistence.TestAdminChatMessagePersistence" name="test_save_user_message" time="0.105" /><testcase classname="backend.tests.test_admin_chat_persistence.TestAdminChatMessagePersistence" name="test_save_assistant_message_with_file_edits" time="0.102" /><testcase classname="backend.tests.test_admin_chat_persistence.TestAdminChatMessagePersistence" name="test_get_messages_returns_saved_messages" time="0.309" /><testcase classname="backend.tests.test_admin_chat_persistence.TestAdminChatMessagePersistence" name="test_messages_in_chronological_order" time="0.553" /><testcase classname="backend.tests.test_admin_chat_persistence.TestAdminChatMessagePersistence" name="test_limit_parameter_works" time="1.762" /><testcase classname="backend.tests.test_admin_chat_persistence.TestAdminChatMessagePersistence" name="test_delete_messages_clears_all" time="0.504" /><testcase classname="backend.tests.test_admin_chat_persistence.TestAdminChatMessagePersistence" name="test_error_message_can_be_saved" time="0.103" /><testcase classname="backend.tests.test_admin_chat_persistence.TestLazyLoadingDashboard" name="test_login_returns_quickly" time="0.000" /><testcase classname="backend.tests.test_admin_chat_persistence.TestLazyLoadingDashboard" name="test_auth_me_endpoint_works" time="0.102" /><testcase classname="backend.tests.test_admin_chat_persistence.TestAdminControlCenterAccess" name="test_admin_control_verify_access" time="0.072" /><testcase classname="backend.tests.test_admin_chat_persistence.TestAdminControlCenterAccess" name="test_admin_control_files_endpoint" time="43.603" /></testsuite></testsuites>