<?xml version="1.0" encoding="utf-8"?><testsuites name="pytest tests"><testsuite name="pytest" errors="0" failures="0" skipped="0" tests="13" time="6.999" timestamp="2026-02-02T18:27:54.386301+00:00" hostname="agent-env-02c42070-c467-4f94-bbbe-35c012b213fa"><testcase classname="backend.tests.test_new_features_iteration13.TestAuthentication" name="test_admin_login" time="0.393" /><testcase classname="backend.tests.test_new_features_iteration13.TestClearChatHistory" name="test_get_messages_requires_auth" time="0.041" /><testcase classname="backend.tests.test_new_features_iteration13.TestClearChatHistory" name="test_get_messages_with_auth" time="0.468" /><testcase classname="backend.tests.test_new_features_iteration13.TestClearChatHistory" name="test_save_message" time="0.468" /><testcase classname="backend.tests.test_new_features_iteration13.TestClearChatHistory" name="test_delete_messages_requires_auth" time="0.039" /><testcase classname="backend.tests.test_new_features_iteration13.TestClearChatHistory" name="test_delete_messages_with_auth" time="0.673" /><testcase classname="backend.tests.test_new_features_iteration13.TestPaymentFields" name="test_create_order_with_payment_fields" time="0.649" /><testcase classname="backend.tests.test_new_features_iteration13.TestPaymentFields" name="test_update_order_payment_fields" time="0.770" /><testcase classname="backend.tests.test_new_features_iteration13.TestPaymentFields" name="test_get_order_includes_payment_fields" time="0.701" /><testcase classname="backend.tests.test_new_features_iteration13.TestPaymentFields" name="test_payment_status_values" time="1.097" /><testcase classname="backend.tests.test_new_features_iteration13.TestRimOverlayEndpoints" name="test_rim_overlay_save_endpoint_exists" time="0.500" /><testcase classname="backend.tests.test_new_features_iteration13.TestRimOverlayEndpoints" name="test_rim_overlay_analyze_endpoint_exists" time="0.491" /><testcase classname="backend.tests.test_new_features_iteration13.TestOrdersListWithPayment" name="test_orders_list_includes_payment_fields" time="0.640" /></testsuite></testsuites>