<?xml version="1.0" encoding="utf-8"?><testsuites name="pytest tests"><testsuite name="pytest" errors="0" failures="0" skipped="0" tests="11" time="4.099" timestamp="2026-01-15T17:19:28.153203+00:00" hostname="agent-env-703f5828-f3ac-4e9c-93c6-e6b78daf567f"><testcase classname="tests.test_new_features.TestHealthCheck" name="test_health_endpoint" time="0.075" /><testcase classname="tests.test_new_features.TestRushQueue" name="test_rush_queue_endpoint_exists" time="0.293" /><testcase classname="tests.test_new_features.TestRushQueue" name="test_rush_queue_stats_endpoint" time="0.294" /><testcase classname="tests.test_new_features.TestRushQueue" name="test_create_rush_order_and_verify_in_queue" time="0.491" /><testcase classname="tests.test_new_features.TestSingleDeviceLogin" name="test_second_login_invalidates_first_session" time="0.617" /><testcase classname="tests.test_new_features.TestAdminRestrictedRole" name="test_admin_restricted_role_exists_in_update_endpoint" time="0.372" /><testcase classname="tests.test_new_features.TestAdminRestrictedRole" name="test_admin_restricted_cannot_access_users_endpoint" time="0.291" /><testcase classname="tests.test_new_features.TestAdminRestrictedRole" name="test_admin_restricted_cannot_access_employee_codes" time="0.296" /><testcase classname="tests.test_new_features.TestRushQueueOverrideLogic" name="test_rush_order_shows_refinish_status" time="0.515" /><testcase classname="tests.test_new_features.TestDashboardRushBadge" name="test_rush_queue_count_available" time="0.336" /><testcase classname="tests.test_new_features.TestAdminRestrictedEndpointAccess" name="test_create_admin_restricted_user_and_verify_access" time="0.448" /></testsuite></testsuites>