<?xml version="1.0" encoding="utf-8"?><testsuites name="pytest tests"><testsuite name="pytest" errors="0" failures="0" skipped="0" tests="12" time="3.856" timestamp="2026-01-12T04:53:46.363638+00:00" hostname="agent-env-4b69c9fa-df41-4633-94c1-37c7ae645a72"><testcase classname="tests.test_notification_features.TestNotificationSystem" name="test_health_check" time="0.319" /><testcase classname="tests.test_notification_features.TestNotificationSystem" name="test_get_users_list_for_mention" time="0.310" /><testcase classname="tests.test_notification_features.TestNotificationSystem" name="test_get_notifications" time="0.273" /><testcase classname="tests.test_notification_features.TestNotificationSystem" name="test_get_notifications_with_limit" time="0.314" /><testcase classname="tests.test_notification_features.TestNotificationSystem" name="test_get_unread_count" time="0.268" /><testcase classname="tests.test_notification_features.TestNotificationSystem" name="test_mark_all_notifications_read" time="0.287" /><testcase classname="tests.test_notification_features.TestMentionNotificationFlow" name="test_create_order_and_add_note_with_mention" time="0.495" /><testcase classname="tests.test_notification_features.TestNotificationEdgeCases" name="test_mark_nonexistent_notification_read" time="0.268" /><testcase classname="tests.test_notification_features.TestNotificationEdgeCases" name="test_delete_nonexistent_notification" time="0.270" /><testcase classname="tests.test_notification_features.TestNotificationEdgeCases" name="test_get_notifications_unread_only" time="0.276" /><testcase classname="tests.test_notification_features.TestOrdersAPI" name="test_get_orders" time="0.275" /><testcase classname="tests.test_notification_features.TestOrdersAPI" name="test_get_order_by_id" time="0.296" /></testsuite></testsuites>