<?xml version="1.0" encoding="utf-8"?><testsuites name="pytest tests"><testsuite name="pytest" errors="0" failures="0" skipped="0" tests="15" time="4.119" timestamp="2026-01-10T23:45:43.897809+00:00" hostname="agent-env-7a895316-906a-4814-a056-f5ec6d1df882"><testcase classname="tests.test_translatify_features.TestHealthAndAuth" name="test_health_check" time="0.071" /><testcase classname="tests.test_translatify_features.TestHealthAndAuth" name="test_admin_login" time="0.262" /><testcase classname="tests.test_translatify_features.TestDashboardAndOrders" name="test_get_orders" time="0.311" /><testcase classname="tests.test_translatify_features.TestDashboardAndOrders" name="test_get_stats" time="0.300" /><testcase classname="tests.test_translatify_features.TestDashboardAndOrders" name="test_get_departments" time="0.294" /><testcase classname="tests.test_translatify_features.TestRefinishQueue" name="test_get_refinish_queue" time="0.301" /><testcase classname="tests.test_translatify_features.TestRefinishQueue" name="test_get_refinish_stats" time="0.298" /><testcase classname="tests.test_translatify_features.TestRefinishQueue" name="test_create_new_refinish_order" time="0.341" /><testcase classname="tests.test_translatify_features.TestRefinishQueue" name="test_create_refinish_order_validation" time="0.297" /><testcase classname="tests.test_translatify_features.TestTranslationAPI" name="test_translate_to_spanish" time="0.038" /><testcase classname="tests.test_translatify_features.TestTranslationAPI" name="test_translate_to_english_returns_original" time="0.037" /><testcase classname="tests.test_translatify_features.TestTranslationAPI" name="test_translate_to_vietnamese" time="0.075" /><testcase classname="tests.test_translatify_features.TestTranslationAPI" name="test_translate_empty_texts" time="1.343" /><testcase classname="tests.test_translatify_features.TestProductTypes" name="test_get_product_types" time="0.037" /><testcase classname="tests.test_translatify_features.TestRimSizes" name="test_get_rim_sizes" time="0.042" /></testsuite></testsuites>