<?xml version="1.0" encoding="utf-8"?><testsuites name="pytest tests"><testsuite name="pytest" errors="0" failures="0" skipped="0" tests="12" time="4.927" timestamp="2026-01-15T18:49:29.348458+00:00" hostname="agent-env-d74d7393-37a9-44d2-8cde-15b075235fd0"><testcase classname="tests.test_redo_rush_features.TestRedoRushFeatures" name="test_health_check" time="0.319" /><testcase classname="tests.test_redo_rush_features.TestRedoRushFeatures" name="test_rush_queue_sorting_by_order_number" time="0.520" /><testcase classname="tests.test_redo_rush_features.TestRedoRushFeatures" name="test_mark_order_as_redo" time="0.400" /><testcase classname="tests.test_redo_rush_features.TestRedoRushFeatures" name="test_redo_queue_endpoint" time="0.420" /><testcase classname="tests.test_redo_rush_features.TestRedoRushFeatures" name="test_redo_queue_stats_endpoint" time="0.318" /><testcase classname="tests.test_redo_rush_features.TestRedoRushFeatures" name="test_move_redo_order_to_any_department" time="0.340" /><testcase classname="tests.test_redo_rush_features.TestRedoRushFeatures" name="test_move_redo_order_to_completed" time="0.376" /><testcase classname="tests.test_redo_rush_features.TestRedoRushFeatures" name="test_remove_redo_status" time="0.401" /><testcase classname="tests.test_redo_rush_features.TestRedoRushFeatures" name="test_rush_overrides_redo_in_queue" time="0.491" /><testcase classname="tests.test_redo_rush_features.TestRedoRushFeatures" name="test_non_redo_order_rejected_from_move_endpoint" time="0.385" /><testcase classname="tests.test_redo_rush_features.TestRedoRushFeatures" name="test_invalid_department_rejected" time="0.368" /><testcase classname="tests.test_redo_rush_features.TestRedoRushFeatures" name="test_redo_queue_sorted_by_order_number" time="0.458" /></testsuite></testsuites>