<?xml version="1.0" encoding="utf-8"?><testsuites name="pytest tests"><testsuite name="pytest" errors="0" failures="0" skipped="0" tests="17" time="6.433" timestamp="2026-01-15T17:41:16.055357+00:00" hostname="agent-env-703f5828-f3ac-4e9c-93c6-e6b78daf567f"><testcase classname="tests.test_session6_features.TestSession6Features" name="test_steering_wheel_brand_uppercase_on_create" time="0.330" /><testcase classname="tests.test_session6_features.TestSession6Features" name="test_steering_wheel_brand_uppercase_on_update" time="0.414" /><testcase classname="tests.test_session6_features.TestSession6Features" name="test_steering_wheel_brand_mixed_case" time="0.340" /><testcase classname="tests.test_session6_features.TestSession6Features" name="test_tire_size_saved_on_rim_order" time="0.322" /><testcase classname="tests.test_session6_features.TestSession6Features" name="test_tire_size_in_order_detail" time="0.365" /><testcase classname="tests.test_session6_features.TestSession6Features" name="test_tire_size_update" time="0.385" /><testcase classname="tests.test_session6_features.TestSession6Features" name="test_rush_order_move_to_any_department" time="0.379" /><testcase classname="tests.test_session6_features.TestSession6Features" name="test_rush_order_move_to_completed" time="0.678" /><testcase classname="tests.test_session6_features.TestSession6Features" name="test_non_rush_order_cannot_skip_departments" time="0.291" /><testcase classname="tests.test_session6_features.TestSession6Features" name="test_rush_order_move_invalid_department" time="0.430" /><testcase classname="tests.test_session6_features.TestSession6Features" name="test_customer_search_returns_matching_customers" time="0.453" /><testcase classname="tests.test_session6_features.TestSession6Features" name="test_customer_search_partial_match" time="0.381" /><testcase classname="tests.test_session6_features.TestSession6Features" name="test_customer_search_minimum_length" time="0.280" /><testcase classname="tests.test_session6_features.TestSession6Features" name="test_customer_orders_returns_all_orders" time="0.499" /><testcase classname="tests.test_session6_features.TestSession6Features" name="test_customer_orders_department_breakdown" time="0.371" /><testcase classname="tests.test_session6_features.TestSession6Features" name="test_customer_orders_rush_count" time="0.392" /><testcase classname="tests.test_session6_features.TestHealthCheck" name="test_health_endpoint" time="0.032" /></testsuite></testsuites>