<?xml version="1.0" encoding="utf-8"?><testsuites name="pytest tests"><testsuite name="pytest" errors="0" failures="0" skipped="0" tests="12" time="3.553" timestamp="2026-01-13T20:48:48.218226+00:00" hostname="agent-env-0e1f6f14-8d4d-4ecc-9283-d04b4b55aa90"><testcase classname="tests.test_stock_steering_wheels.TestStockSteeringWheelsAPI" name="test_health_check" time="0.323" /><testcase classname="tests.test_stock_steering_wheels.TestStockSteeringWheelsAPI" name="test_get_stock_steering_wheels_empty" time="0.273" /><testcase classname="tests.test_stock_steering_wheels.TestStockSteeringWheelsAPI" name="test_create_stock_steering_wheel" time="0.312" /><testcase classname="tests.test_stock_steering_wheels.TestStockSteeringWheelsAPI" name="test_get_stock_steering_wheels_after_create" time="0.278" /><testcase classname="tests.test_stock_steering_wheels.TestStockSteeringWheelsAPI" name="test_update_stock_steering_wheel" time="0.314" /><testcase classname="tests.test_stock_steering_wheels.TestStockSteeringWheelsAPI" name="test_create_order_from_steering_wheel" time="0.277" /><testcase classname="tests.test_stock_steering_wheels.TestStockSteeringWheelsAPI" name="test_steering_wheel_marked_as_sold" time="0.269" /><testcase classname="tests.test_stock_steering_wheels.TestStockSteeringWheelsAPI" name="test_delete_stock_steering_wheel" time="0.322" /><testcase classname="tests.test_stock_steering_wheels.TestStockSteeringWheelsAPI" name="test_delete_nonexistent_steering_wheel" time="0.310" /><testcase classname="tests.test_stock_steering_wheels.TestStockSteeringWheelsAPI" name="test_create_steering_wheel_missing_required_fields" time="0.274" /><testcase classname="tests.test_stock_steering_wheels.TestStockInventoryAPI" name="test_get_stock_inventory_rims" time="0.268" /><testcase classname="tests.test_stock_steering_wheels.TestCleanup" name="test_cleanup_test_steering_wheels" time="0.281" /></testsuite></testsuites>