<?xml version="1.0" encoding="utf-8"?><testsuites name="pytest tests"><testsuite name="pytest" errors="0" failures="0" skipped="0" tests="12" time="1.588" timestamp="2026-01-20T20:26:13.316029+00:00" hostname="agent-env-57b31e31-33ad-4a9d-a8b1-d43ef1f5d143"><testcase classname="tests.test_stock_sell_redirect.TestStockSellRedirectBackend" name="test_health_check" time="0.085" /><testcase classname="tests.test_stock_sell_redirect.TestStockSellRedirectBackend" name="test_get_stock_inventory" time="0.309" /><testcase classname="tests.test_stock_sell_redirect.TestStockSellRedirectBackend" name="test_create_stock_rim_for_testing" time="0.049" /><testcase classname="tests.test_stock_sell_redirect.TestStockSellRedirectBackend" name="test_mark_stock_rim_as_sold" time="0.213" /><testcase classname="tests.test_stock_sell_redirect.TestStockSellRedirectBackend" name="test_mark_already_sold_rim_fails" time="0.170" /><testcase classname="tests.test_stock_sell_redirect.TestStockSellRedirectBackend" name="test_get_stock_steering_wheels" time="0.050" /><testcase classname="tests.test_stock_sell_redirect.TestStockSellRedirectBackend" name="test_get_next_sku_for_steering_wheel" time="0.041" /><testcase classname="tests.test_stock_sell_redirect.TestStockSellRedirectBackend" name="test_create_stock_steering_wheel_for_testing" time="0.088" /><testcase classname="tests.test_stock_sell_redirect.TestStockSellRedirectBackend" name="test_mark_stock_steering_wheel_as_sold" time="0.162" /><testcase classname="tests.test_stock_sell_redirect.TestStockSellRedirectBackend" name="test_mark_already_sold_wheel_fails" time="0.169" /><testcase classname="tests.test_stock_sell_redirect.TestStockSellRedirectBackend" name="test_mark_nonexistent_rim_fails" time="0.042" /><testcase classname="tests.test_stock_sell_redirect.TestStockSellRedirectBackend" name="test_mark_nonexistent_wheel_fails" time="0.042" /></testsuite></testsuites>